Flow report for Projeto_Final_Microprocessador
Thu Nov  3 20:35:18 2016
Quartus Prime Version 16.0.0 Build 211 04/27/2016 SJ Lite Edition


---------------------
; Table of Contents ;
---------------------
  1. Legal Notice
  2. Flow Summary
  3. Flow Settings
  4. Flow Non-Default Global Settings
  5. Flow Elapsed Time
  6. Flow OS Summary
  7. Flow Log
  8. Flow Messages
  9. Flow Suppressed Messages



----------------
; Legal Notice ;
----------------
Copyright (C) 1991-2016 Altera Corporation. All rights reserved.
Your use of Altera Corporation's design tools, logic functions 
and other software and tools, and its AMPP partner logic 
functions, and any output files from any of the foregoing 
(including device programming or simulation files), and any 
associated documentation or information are expressly subject 
to the terms and conditions of the Altera Program License 
Subscription Agreement, the Altera Quartus Prime License Agreement,
the Altera MegaCore Function License Agreement, or other 
applicable license agreement, including, without limitation, 
that your use is for the sole purpose of programming logic 
devices manufactured by Altera and sold by Altera or its 
authorized distributors.  Please refer to the applicable 
agreement for further details.



+----------------------------------------------------------------------------------+
; Flow Summary                                                                     ;
+------------------------------------+---------------------------------------------+
; Flow Status                        ; Successful - Thu Nov  3 20:35:18 2016       ;
; Quartus Prime Version              ; 16.0.0 Build 211 04/27/2016 SJ Lite Edition ;
; Revision Name                      ; Projeto_Final_Microprocessador              ;
; Top-level Entity Name              ; Projeto_Final_Microprocessador              ;
; Family                             ; Cyclone IV E                                ;
; Total logic elements               ; 78 / 6,272 ( 1 % )                          ;
;     Total combinational functions  ; 60 / 6,272 ( < 1 % )                        ;
;     Dedicated logic registers      ; 43 / 6,272 ( < 1 % )                        ;
; Total registers                    ; 43                                          ;
; Total pins                         ; 18 / 92 ( 20 % )                            ;
; Total virtual pins                 ; 0                                           ;
; Total memory bits                  ; 128 / 276,480 ( < 1 % )                     ;
; Embedded Multiplier 9-bit elements ; 0 / 30 ( 0 % )                              ;
; Total PLLs                         ; 0 / 2 ( 0 % )                               ;
; Device                             ; EP4CE6E22C6                                 ;
; Timing Models                      ; Final                                       ;
+------------------------------------+---------------------------------------------+


+----------------------------------------------------+
; Flow Settings                                      ;
+-------------------+--------------------------------+
; Option            ; Setting                        ;
+-------------------+--------------------------------+
; Start date & time ; 11/03/2016 20:24:10            ;
; Main task         ; Compilation                    ;
; Revision Name     ; Projeto_Final_Microprocessador ;
+-------------------+--------------------------------+


+----------------------------------------------------------------------------------------------------------------+
; Flow Non-Default Global Settings                                                                               ;
+-------------------------------------+---------------------------+---------------+-------------+----------------+
; Assignment Name                     ; Value                     ; Default Value ; Entity Name ; Section Id     ;
+-------------------------------------+---------------------------+---------------+-------------+----------------+
; COMPILER_SIGNATURE_ID               ; 0.147821545009274         ; --            ; --          ; --             ;
; EDA_OUTPUT_DATA_FORMAT              ; Verilog Hdl               ; --            ; --          ; eda_simulation ;
; EDA_SIMULATION_TOOL                 ; ModelSim-Altera (Verilog) ; <None>        ; --          ; --             ;
; EDA_TIME_SCALE                      ; 1 ps                      ; --            ; --          ; eda_simulation ;
; MISC_FILE                           ; RAM.bsf                   ; --            ; --          ; --             ;
; MISC_FILE                           ; RAM_inst.v                ; --            ; --          ; --             ;
; MISC_FILE                           ; RAM_bb.v                  ; --            ; --          ; --             ;
; MISC_FILE                           ; RAM_syn.v                 ; --            ; --          ; --             ;
; PARTITION_COLOR                     ; 16764057                  ; --            ; --          ; Top            ;
; PARTITION_FITTER_PRESERVATION_LEVEL ; PLACEMENT_AND_ROUTING     ; --            ; --          ; Top            ;
; PARTITION_NETLIST_TYPE              ; SOURCE                    ; --            ; --          ; Top            ;
; PROJECT_OUTPUT_DIRECTORY            ; output_files              ; --            ; --          ; --             ;
+-------------------------------------+---------------------------+---------------+-------------+----------------+


+-------------------------------------------------------------------------------------------------------------------------------+
; Flow Elapsed Time                                                                                                             ;
+---------------------------+--------------+-------------------------+---------------------+------------------------------------+
; Module Name               ; Elapsed Time ; Average Processors Used ; Peak Virtual Memory ; Total CPU Time (on all processors) ;
+---------------------------+--------------+-------------------------+---------------------+------------------------------------+
; Analysis & Synthesis      ; 00:00:20     ; 1.0                     ; 1217 MB             ; 00:00:47                           ;
; Fitter                    ; 00:00:06     ; 1.0                     ; 1367 MB             ; 00:00:06                           ;
; Assembler                 ; 00:00:01     ; 1.0                     ; 1069 MB             ; 00:00:01                           ;
; TimeQuest Timing Analyzer ; 00:00:02     ; 1.0                     ; 1092 MB             ; 00:00:02                           ;
; EDA Netlist Writer        ; 00:00:00     ; 1.0                     ; 1311 MB             ; 00:00:01                           ;
; EDA Netlist Writer        ; 00:00:01     ; 1.0                     ; 1300 MB             ; 00:00:01                           ;
; EDA Netlist Writer        ; 00:00:01     ; 1.0                     ; 1315 MB             ; 00:00:01                           ;
; EDA Netlist Writer        ; 00:00:00     ; 1.0                     ; 1300 MB             ; 00:00:01                           ;
; EDA Netlist Writer        ; 00:00:02     ; 1.0                     ; 1312 MB             ; 00:00:01                           ;
; Total                     ; 00:00:33     ; --                      ; --                  ; 00:01:01                           ;
+---------------------------+--------------+-------------------------+---------------------+------------------------------------+


+----------------------------------------------------------------------------------------------------------------+
; Flow OS Summary                                                                                                ;
+---------------------------+-------------------------------------+----------------+------------+----------------+
; Module Name               ; Machine Hostname                    ; OS Name        ; OS Version ; Processor type ;
+---------------------------+-------------------------------------+----------------+------------+----------------+
; Analysis & Synthesis      ; leandro-HP-Pavilion-dm4-Notebook-PC ; Ubuntu 16.04.1 ; 16         ; x86_64         ;
; Fitter                    ; leandro-HP-Pavilion-dm4-Notebook-PC ; Ubuntu 16.04.1 ; 16         ; x86_64         ;
; Assembler                 ; leandro-HP-Pavilion-dm4-Notebook-PC ; Ubuntu 16.04.1 ; 16         ; x86_64         ;
; TimeQuest Timing Analyzer ; leandro-HP-Pavilion-dm4-Notebook-PC ; Ubuntu 16.04.1 ; 16         ; x86_64         ;
; EDA Netlist Writer        ; leandro-HP-Pavilion-dm4-Notebook-PC ; Ubuntu 16.04.1 ; 16         ; x86_64         ;
; EDA Netlist Writer        ; leandro-HP-Pavilion-dm4-Notebook-PC ; Ubuntu 16.04.1 ; 16         ; x86_64         ;
; EDA Netlist Writer        ; leandro-HP-Pavilion-dm4-Notebook-PC ; Ubuntu 16.04.1 ; 16         ; x86_64         ;
; EDA Netlist Writer        ; leandro-HP-Pavilion-dm4-Notebook-PC ; Ubuntu 16.04.1 ; 16         ; x86_64         ;
; EDA Netlist Writer        ; leandro-HP-Pavilion-dm4-Notebook-PC ; Ubuntu 16.04.1 ; 16         ; x86_64         ;
+---------------------------+-------------------------------------+----------------+------------+----------------+


------------
; Flow Log ;
------------
quartus_map --read_settings_files=on --write_settings_files=off Projeto_Final_Microprocessador -c Projeto_Final_Microprocessador
quartus_fit --read_settings_files=off --write_settings_files=off Projeto_Final_Microprocessador -c Projeto_Final_Microprocessador
quartus_asm --read_settings_files=off --write_settings_files=off Projeto_Final_Microprocessador -c Projeto_Final_Microprocessador
quartus_sta Projeto_Final_Microprocessador -c Projeto_Final_Microprocessador
quartus_eda --read_settings_files=off --write_settings_files=off Projeto_Final_Microprocessador -c Projeto_Final_Microprocessador
quartus_eda --gen_testbench --tool=modelsim_oem --format=verilog --write_settings_files=off Projeto_Final_Microprocessador -c Projeto_Final_Microprocessador --vector_source=/home/leandro/Documentos/Projeto_Final_Microprocessador/teste_final_microprocessador.vwf --testbench_file=/home/leandro/Documentos/Projeto_Final_Microprocessador/simulation/qsim/teste_final_microprocessador.vwf.vt
quartus_eda --write_settings_files=off --functional=off --flatten_buses=off --timescale=1ps --simulation=on --tool=modelsim_oem --format=verilog --output_directory=/home/leandro/Documentos/Projeto_Final_Microprocessador/simulation/qsim/ Projeto_Final_Microprocessador -c Projeto_Final_Microprocessador
quartus_eda --gen_testbench --tool=modelsim_oem --format=verilog --write_settings_files=off Projeto_Final_Microprocessador -c Projeto_Final_Microprocessador --vector_source=/home/leandro/Documentos/Projeto_Final_Microprocessador/teste_final_microprocessador.vwf --testbench_file=/home/leandro/Documentos/Projeto_Final_Microprocessador/simulation/qsim/teste_final_microprocessador.vwf.vt
quartus_eda --write_settings_files=off --functional=off --flatten_buses=off --timescale=1ps --simulation=on --tool=modelsim_oem --format=verilog --output_directory=/home/leandro/Documentos/Projeto_Final_Microprocessador/simulation/qsim/ Projeto_Final_Microprocessador -c Projeto_Final_Microprocessador



